<?xml version="1.0" encoding="UTF-8"?>
<testsuites name="TestSuit" time="344.351" tests="7" failures="0" errors="0">
   <testsuite name="TestSuit" tests="7" failures="0" errors="0" time="344.351" skipped="0" timestamp="2023-12-01 05:50:09" hostname="diogo - DESKTOP-VK0O6AA.Home" id="Test Suites/TestSuit">
      <properties>
         <property name="deviceName" value="emulator-5554 (sdk_gphone64_x86_64 - Android 14)"/>
         <property name="devicePlatform" value=""/>
         <property name="logFolder" value="S:\\TAES\\Projeto\\tests\\Reports\\20231201_055003\\TestSuit\\20231201_055003"/>
         <property name="logFiles" value="S:\\TAES\\Projeto\\tests\\Reports\\20231201_055003\\TestSuit\\20231201_055003\\appium.log, S:\\TAES\\Projeto\\tests\\Reports\\20231201_055003\\TestSuit\\20231201_055003\\execution0.log"/>
         <property name="attachments" value=""/>
         <property name="hostName" value="diogo - DESKTOP-VK0O6AA.Home"/>
         <property name="os" value="Windows 10 64bit"/>
         <property name="appiumServerStatus" value="{&quot;value&quot;:{&quot;build&quot;:{&quot;version&quot;:&quot;1.22.3&quot;}},&quot;sessionId&quot;:null,&quot;status&quot;:0}"/>
         <property name="katalonVersion" value="8.6.8.208"/>
         <property name="deviceOS" value="Android"/>
         <property name="appiumVersion" value="1.22.3"/>
         <property name="deviceModel" value="sdk_gphone64_x86_64"/>
         <property name="hostAddress" value="192.168.1.68"/>
         <property name="deviceManufacturer" value="Google"/>
         <property name="deviceId" value="emulator-5554"/>
         <property name="deviceName" value="emulator-5554 (sdk_gphone64_x86_64 - Android 14)"/>
         <property name="deviceOSVersion" value="14"/>
      </properties>
      <testcase name="Test Cases/US1 - Create VCard/US1-CreateVCard" time="93.662" classname="Test Cases/US1 - Create VCard/US1-CreateVCard" status="PASSED">
         <system-out><![CDATA[2023-12-01 05:50:09 - [TEST_CASE][PASSED] - Test Cases/US1 - Create VCard/US1-CreateVCard: Test Cases/US1 - Create VCard/US1-CreateVCard

2023-12-01 05:50:10 - [TEST_STEP][PASSED] - runFeatureFile("Include/features/US1-CreateVCard/US1-CreateVCard.feature"): Feature file: 'Include/features/US1-CreateVCard/US1-CreateVCard.feature' was passed

2023-12-01 05:50:10 - [MESSAGE][INFO] - Starting run keyword runFeatureFile: 'Include/features/US1-CreateVCard/US1-CreateVCard.feature' and extract report to folder: 'S:\TAES\Projeto\tests\Reports\20231201_055003\TestSuit\20231201_055003/cucumber_report/1701409810261'...

2023-12-01 05:50:11 - [TEST_CASE][PASSED] - Start Test Case : SCENARIO Create vCard Fail: SCENARIO Create vCard Fail

2023-12-01 05:50:11 - [TEST_STEP][PASSED] - I start the application: I start the application

2023-12-01 05:50:11 - [MESSAGE][INFO] - Detected NodeJS location: "C:\Program Files\nodejs\node.exe"

2023-12-01 05:50:12 - [MESSAGE][INFO] - Appium server started on port 58,783

2023-12-01 05:50:25 - [MESSAGE][PASSED] - Started app at: 'S:\TAES\Projeto\tests\appForTest\app-release.apk'

2023-12-01 05:50:25 - [MESSAGE][PASSED] - I start the application

2023-12-01 05:50:25 - [TEST_STEP][PASSED] - I dont have a vCard associated: I dont have a vCard associated

2023-12-01 05:50:25 - [MESSAGE][PASSED] - I dont have a vCard associated

2023-12-01 05:50:25 - [TEST_STEP][PASSED] - I dont insert my credencials: I dont insert my credencials

2023-12-01 05:50:25 - [MESSAGE][PASSED] - I dont insert my credencials

2023-12-01 05:50:25 - [TEST_STEP][PASSED] - I tap the "createVCard" button: I tap the "createVCard" button

2023-12-01 05:50:25 - [MESSAGE][WARNING] - Timeout '0' is invalid. Using default page load timeout: '30'

2023-12-01 05:50:26 - [MESSAGE][PASSED] - Tapped on element 'Object Repository/btn-createVCard'

2023-12-01 05:50:26 - [MESSAGE][PASSED] - I tap the "createVCard" button

2023-12-01 05:50:26 - [TEST_STEP][PASSED] - I can see emptyFields message: I can see emptyFields message

2023-12-01 05:50:30 - [MESSAGE][PASSED] - Close app successfully

2023-12-01 05:50:30 - [MESSAGE][PASSED] - I can see emptyFields message

2023-12-01 05:50:30 - [TEST_CASE][PASSED] - Start Test Case : SCENARIO Create vCard Fail(Phone number already exists): SCENARIO Create vCard Fail(Phone number already exists)

2023-12-01 05:50:30 - [TEST_STEP][PASSED] - I start the application: I start the application

2023-12-01 05:50:30 - [MESSAGE][INFO] - Detected NodeJS location: "C:\Program Files\nodejs\node.exe"

2023-12-01 05:50:31 - [MESSAGE][INFO] - Appium server started on port 58,892

2023-12-01 05:50:41 - [MESSAGE][PASSED] - Started app at: 'S:\TAES\Projeto\tests\appForTest\app-release.apk'

2023-12-01 05:50:41 - [MESSAGE][PASSED] - I start the application

2023-12-01 05:50:41 - [TEST_STEP][PASSED] - I dont have a vCard associated: I dont have a vCard associated

2023-12-01 05:50:41 - [MESSAGE][PASSED] - I dont have a vCard associated

2023-12-01 05:50:41 - [TEST_STEP][PASSED] - I insert an phone number that already has card: I insert an phone number that already has card

2023-12-01 05:50:41 - [MESSAGE][WARNING] - Timeout '0' is invalid. Using default page load timeout: '30'

2023-12-01 05:50:42 - [MESSAGE][PASSED] - Text '911000000' has been set to element 'Object Repository/txt-number'

2023-12-01 05:50:42 - [MESSAGE][WARNING] - Timeout '0' is invalid. Using default page load timeout: '30'

2023-12-01 05:50:43 - [MESSAGE][PASSED] - Text '123' has been set to element 'Object Repository/txt-password'

2023-12-01 05:50:44 - [MESSAGE][WARNING] - Timeout '0' is invalid. Using default page load timeout: '30'

2023-12-01 05:50:45 - [MESSAGE][PASSED] - Text '1234' has been set to element 'Object Repository/txt-pinCode'

2023-12-01 05:50:45 - [MESSAGE][PASSED] - I insert an phone number that already has card

2023-12-01 05:50:45 - [TEST_STEP][PASSED] - I tap the "createVCard" button: I tap the "createVCard" button

2023-12-01 05:50:45 - [MESSAGE][WARNING] - Timeout '0' is invalid. Using default page load timeout: '30'

2023-12-01 05:50:46 - [MESSAGE][PASSED] - Tapped on element 'Object Repository/btn-createVCard'

2023-12-01 05:50:46 - [MESSAGE][PASSED] - I tap the "createVCard" button

2023-12-01 05:50:46 - [TEST_STEP][PASSED] - I can see Phone number already exists message: I can see Phone number already exists message

2023-12-01 05:50:49 - [MESSAGE][PASSED] - Close app successfully

2023-12-01 05:50:49 - [MESSAGE][PASSED] - I can see Phone number already exists message

2023-12-01 05:50:49 - [TEST_CASE][PASSED] - Start Test Case : SCENARIO Create vCard Successfully: SCENARIO Create vCard Successfully

2023-12-01 05:50:49 - [TEST_STEP][PASSED] - I start the application: I start the application

2023-12-01 05:50:49 - [MESSAGE][INFO] - Detected NodeJS location: "C:\Program Files\nodejs\node.exe"

2023-12-01 05:50:51 - [MESSAGE][INFO] - Appium server started on port 58,997

2023-12-01 05:51:00 - [MESSAGE][PASSED] - Started app at: 'S:\TAES\Projeto\tests\appForTest\app-release.apk'

2023-12-01 05:51:00 - [MESSAGE][PASSED] - I start the application

2023-12-01 05:51:00 - [TEST_STEP][PASSED] - I dont have a vCard associated: I dont have a vCard associated

2023-12-01 05:51:00 - [MESSAGE][PASSED] - I dont have a vCard associated

2023-12-01 05:51:00 - [TEST_STEP][PASSED] - I insert my credencials: I insert my credencials

2023-12-01 05:51:00 - [MESSAGE][WARNING] - Timeout '0' is invalid. Using default page load timeout: '30'

2023-12-01 05:51:02 - [MESSAGE][PASSED] - Text '911000001' has been set to element 'Object Repository/txt-number'

2023-12-01 05:51:02 - [MESSAGE][WARNING] - Timeout '0' is invalid. Using default page load timeout: '30'

2023-12-01 05:51:03 - [MESSAGE][PASSED] - Text 'qwer1234' has been set to element 'Object Repository/txt-password'

2023-12-01 05:51:03 - [MESSAGE][WARNING] - Timeout '0' is invalid. Using default page load timeout: '30'

2023-12-01 05:51:04 - [MESSAGE][PASSED] - Text '1234' has been set to element 'Object Repository/txt-pinCode'

2023-12-01 05:51:04 - [MESSAGE][PASSED] - I insert my credencials

2023-12-01 05:51:04 - [TEST_STEP][PASSED] - I tap the "createVCard" button: I tap the "createVCard" button

2023-12-01 05:51:05 - [MESSAGE][WARNING] - Timeout '0' is invalid. Using default page load timeout: '30'

2023-12-01 05:51:05 - [MESSAGE][PASSED] - Tapped on element 'Object Repository/btn-createVCard'

2023-12-01 05:51:05 - [MESSAGE][PASSED] - I tap the "createVCard" button

2023-12-01 05:51:05 - [TEST_STEP][PASSED] - I can see vCard created message: I can see vCard created message

2023-12-01 05:51:09 - [MESSAGE][PASSED] - Close app successfully

2023-12-01 05:51:09 - [MESSAGE][PASSED] - I can see vCard created message

2023-12-01 05:51:09 - [TEST_CASE][PASSED] - Start Test Case : SCENARIO Login Successfuly: SCENARIO Login Successfuly

2023-12-01 05:51:09 - [TEST_STEP][PASSED] - I start the application: I start the application

2023-12-01 05:51:09 - [MESSAGE][INFO] - Detected NodeJS location: "C:\Program Files\nodejs\node.exe"

2023-12-01 05:51:10 - [MESSAGE][INFO] - Appium server started on port 59,101

2023-12-01 05:51:20 - [MESSAGE][PASSED] - Started app at: 'S:\TAES\Projeto\tests\appForTest\app-release.apk'

2023-12-01 05:51:20 - [MESSAGE][PASSED] - I start the application

2023-12-01 05:51:20 - [TEST_STEP][PASSED] - I have a vCard associated: I have a vCard associated

2023-12-01 05:51:20 - [MESSAGE][PASSED] - I have a vCard associated

2023-12-01 05:51:20 - [TEST_STEP][PASSED] - I insert my "pin code": I insert my "pin code"

2023-12-01 05:51:20 - [MESSAGE][WARNING] - Timeout '0' is invalid. Using default page load timeout: '30'

2023-12-01 05:51:22 - [MESSAGE][PASSED] - Text '1234' has been set to element 'Object Repository/codeConfirmation'

2023-12-01 05:51:22 - [MESSAGE][PASSED] - I insert my "pin code"

2023-12-01 05:51:22 - [TEST_STEP][PASSED] - I tap the "Login" button: I tap the "Login" button

2023-12-01 05:51:22 - [MESSAGE][WARNING] - Timeout '0' is invalid. Using default page load timeout: '30'

2023-12-01 05:51:22 - [MESSAGE][PASSED] - Tapped on element 'Object Repository/btn-Login'

2023-12-01 05:51:22 - [MESSAGE][PASSED] - I tap the "Login" button

2023-12-01 05:51:22 - [TEST_STEP][PASSED] - I have access to the dashboard: I have access to the dashboard

2023-12-01 05:51:26 - [MESSAGE][PASSED] - Close app successfully

2023-12-01 05:51:26 - [MESSAGE][PASSED] - I have access to the dashboard

2023-12-01 05:51:26 - [TEST_CASE][PASSED] - Start Test Case : SCENARIO Login Fail: SCENARIO Login Fail

2023-12-01 05:51:26 - [TEST_STEP][PASSED] - I start the application: I start the application

2023-12-01 05:51:26 - [MESSAGE][INFO] - Detected NodeJS location: "C:\Program Files\nodejs\node.exe"

2023-12-01 05:51:28 - [MESSAGE][INFO] - Appium server started on port 59,206

2023-12-01 05:51:37 - [MESSAGE][PASSED] - Started app at: 'S:\TAES\Projeto\tests\appForTest\app-release.apk'

2023-12-01 05:51:37 - [MESSAGE][PASSED] - I start the application

2023-12-01 05:51:37 - [TEST_STEP][PASSED] - I have a vCard associated: I have a vCard associated

2023-12-01 05:51:37 - [MESSAGE][PASSED] - I have a vCard associated

2023-12-01 05:51:37 - [TEST_STEP][PASSED] - I insert the wrong "pin code": I insert the wrong "pin code"

2023-12-01 05:51:37 - [MESSAGE][WARNING] - Timeout '0' is invalid. Using default page load timeout: '30'

2023-12-01 05:51:39 - [MESSAGE][PASSED] - Text '1111' has been set to element 'Object Repository/codeConfirmation'

2023-12-01 05:51:39 - [MESSAGE][PASSED] - I insert the wrong "pin code"

2023-12-01 05:51:39 - [TEST_STEP][PASSED] - I tap the "Login" button: I tap the "Login" button

2023-12-01 05:51:39 - [MESSAGE][WARNING] - Timeout '0' is invalid. Using default page load timeout: '30'

2023-12-01 05:51:39 - [MESSAGE][PASSED] - Tapped on element 'Object Repository/btn-Login'

2023-12-01 05:51:39 - [MESSAGE][PASSED] - I tap the "Login" button

2023-12-01 05:51:39 - [TEST_STEP][PASSED] - I can see Pin code error message: I can see Pin code error message

2023-12-01 05:51:43 - [MESSAGE][PASSED] - Close app successfully

2023-12-01 05:51:43 - [MESSAGE][PASSED] - I can see Pin code error message

2023-12-01 05:51:43 - [MESSAGE][PASSED] - Feature file: 'Include/features/US1-CreateVCard/US1-CreateVCard.feature' was passed]]></system-out>
         <system-err><![CDATA[]]></system-err>
      </testcase>
      <testcase name="Test Cases/US3 - Check Balance on the dashboard/US3 - Check Balance on the dashboard" time="36.801" classname="Test Cases/US3 - Check Balance on the dashboard/US3 - Check Balance on the dashboard" status="PASSED">
         <system-out><![CDATA[2023-12-01 05:51:43 - [TEST_CASE][PASSED] - Test Cases/US3 - Check Balance on the dashboard/US3 - Check Balance on the dashboard: Test Cases/US3 - Check Balance on the dashboard/US3 - Check Balance on the dashboard

2023-12-01 05:51:43 - [TEST_STEP][PASSED] - runFeatureFile("Include/features/US3-CheckBalanceOnTheDashBoard/US3-CheckBalanceOnTheDashBoard.feature"): Feature file: 'Include/features/US3-CheckBalanceOnTheDashBoard/US3-CheckBalanceOnTheDashBoard.feature' was passed

2023-12-01 05:51:43 - [MESSAGE][INFO] - Starting run keyword runFeatureFile: 'Include/features/US3-CheckBalanceOnTheDashBoard/US3-CheckBalanceOnTheDashBoard.feature' and extract report to folder: 'S:\TAES\Projeto\tests\Reports\20231201_055003\TestSuit\20231201_055003/cucumber_report/1701409903802'...

2023-12-01 05:51:44 - [TEST_CASE][PASSED] - Start Test Case : SCENARIO Check positive balance: SCENARIO Check positive balance

2023-12-01 05:51:44 - [TEST_STEP][PASSED] - I start the application: I start the application

2023-12-01 05:51:44 - [MESSAGE][INFO] - Detected NodeJS location: "C:\Program Files\nodejs\node.exe"

2023-12-01 05:51:45 - [MESSAGE][INFO] - Appium server started on port 59,311

2023-12-01 05:51:54 - [MESSAGE][PASSED] - Started app at: 'S:\TAES\Projeto\tests\appForTest\app-release.apk'

2023-12-01 05:51:54 - [MESSAGE][PASSED] - I start the application

2023-12-01 05:51:55 - [TEST_STEP][PASSED] - I have a vCard: I have a vCard

2023-12-01 05:51:55 - [MESSAGE][PASSED] - I have a vCard

2023-12-01 05:51:55 - [TEST_STEP][PASSED] - I insert my "pin code": I insert my "pin code"

2023-12-01 05:51:55 - [MESSAGE][WARNING] - Timeout '0' is invalid. Using default page load timeout: '30'

2023-12-01 05:51:56 - [MESSAGE][PASSED] - Text '1234' has been set to element 'Object Repository/codeConfirmation'

2023-12-01 05:51:56 - [MESSAGE][PASSED] - I insert my "pin code"

2023-12-01 05:51:56 - [TEST_STEP][PASSED] - I tap the "Login" button: I tap the "Login" button

2023-12-01 05:51:56 - [MESSAGE][WARNING] - Timeout '0' is invalid. Using default page load timeout: '30'

2023-12-01 05:51:57 - [MESSAGE][PASSED] - Tapped on element 'Object Repository/btn-Login'

2023-12-01 05:51:57 - [MESSAGE][PASSED] - I tap the "Login" button

2023-12-01 05:51:57 - [TEST_STEP][PASSED] - I can see my positive balance: I can see my positive balance

2023-12-01 05:51:58 - [MESSAGE][PASSED] - Text of element 'Object Repository/dashTotalBalance' is: '500.00 €'

2023-12-01 05:51:58 - [MESSAGE][PASSED] - Actual object '500.00 €' and expected object '0.00 €' are not equal

2023-12-01 05:52:01 - [MESSAGE][PASSED] - Close app successfully

2023-12-01 05:52:01 - [MESSAGE][PASSED] - I can see my positive balance

2023-12-01 05:52:01 - [TEST_CASE][PASSED] - Start Test Case : SCENARIO Check balance is 0: SCENARIO Check balance is 0

2023-12-01 05:52:01 - [TEST_STEP][PASSED] - I start the application: I start the application

2023-12-01 05:52:01 - [MESSAGE][INFO] - Detected NodeJS location: "C:\Program Files\nodejs\node.exe"

2023-12-01 05:52:03 - [MESSAGE][INFO] - Appium server started on port 59,418

2023-12-01 05:52:12 - [MESSAGE][PASSED] - Started app at: 'S:\TAES\Projeto\tests\appForTest\app-release.apk'

2023-12-01 05:52:12 - [MESSAGE][PASSED] - I start the application

2023-12-01 05:52:12 - [TEST_STEP][PASSED] - I have a vCard: I have a vCard

2023-12-01 05:52:12 - [MESSAGE][PASSED] - I have a vCard

2023-12-01 05:52:12 - [TEST_STEP][PASSED] - I insert my "pin code": I insert my "pin code"

2023-12-01 05:52:12 - [MESSAGE][WARNING] - Timeout '0' is invalid. Using default page load timeout: '30'

2023-12-01 05:52:14 - [MESSAGE][PASSED] - Text '1234' has been set to element 'Object Repository/codeConfirmation'

2023-12-01 05:52:14 - [MESSAGE][PASSED] - I insert my "pin code"

2023-12-01 05:52:14 - [TEST_STEP][PASSED] - I tap the "Login" button: I tap the "Login" button

2023-12-01 05:52:14 - [MESSAGE][WARNING] - Timeout '0' is invalid. Using default page load timeout: '30'

2023-12-01 05:52:14 - [MESSAGE][PASSED] - Tapped on element 'Object Repository/btn-Login'

2023-12-01 05:52:14 - [MESSAGE][PASSED] - I tap the "Login" button

2023-12-01 05:52:14 - [TEST_STEP][PASSED] - I can see my banlace is "0": I can see my banlace is "0"

2023-12-01 05:52:19 - [MESSAGE][PASSED] - Delayed 5 second(s)

2023-12-01 05:52:19 - [MESSAGE][PASSED] - Actual text and expected text of test object 'Object Repository/dashBalance0' are matched.

2023-12-01 05:52:20 - [MESSAGE][PASSED] - Close app successfully

2023-12-01 05:52:20 - [MESSAGE][PASSED] - I can see my banlace is "0"

2023-12-01 05:52:20 - [MESSAGE][PASSED] - Feature file: 'Include/features/US3-CheckBalanceOnTheDashBoard/US3-CheckBalanceOnTheDashBoard.feature' was passed]]></system-out>
         <system-err><![CDATA[]]></system-err>
      </testcase>
      <testcase name="Test Cases/US4 - Check Piggy Bank Balance on the dashboard/US4 - Check Piggy Bank Balance on the dashboard" time="36.679" classname="Test Cases/US4 - Check Piggy Bank Balance on the dashboard/US4 - Check Piggy Bank Balance on the dashboard" status="PASSED">
         <system-out><![CDATA[2023-12-01 05:52:20 - [TEST_CASE][PASSED] - Test Cases/US4 - Check Piggy Bank Balance on the dashboard/US4 - Check Piggy Bank Balance on the dashboard: Test Cases/US4 - Check Piggy Bank Balance on the dashboard/US4 - Check Piggy Bank Balance on the dashboard

2023-12-01 05:52:20 - [TEST_STEP][PASSED] - runFeatureFile("Include/features/US4 -CheckPiggyBankBalanceOnTheDashboard/US4-CheckPiggyBankBalanceOnTheDashBoard.feature"): Feature file: 'Include/features/US4 -CheckPiggyBankBalanceOnTheDashboard/US4-CheckPiggyBankBalanceOnTheDashBoard.feature' was passed

2023-12-01 05:52:20 - [MESSAGE][INFO] - Starting run keyword runFeatureFile: 'Include/features/US4 -CheckPiggyBankBalanceOnTheDashboard/US4-CheckPiggyBankBalanceOnTheDashBoard.feature' and extract report to folder: 'S:\TAES\Projeto\tests\Reports\20231201_055003\TestSuit\20231201_055003/cucumber_report/1701409940644'...

2023-12-01 05:52:20 - [TEST_CASE][PASSED] - Start Test Case : SCENARIO Check piggy bank balance is present: SCENARIO Check piggy bank balance is present

2023-12-01 05:52:20 - [TEST_STEP][PASSED] - I start the application: I start the application

2023-12-01 05:52:21 - [MESSAGE][INFO] - Detected NodeJS location: "C:\Program Files\nodejs\node.exe"

2023-12-01 05:52:22 - [MESSAGE][INFO] - Appium server started on port 59,523

2023-12-01 05:52:31 - [MESSAGE][PASSED] - Started app at: 'S:\TAES\Projeto\tests\appForTest\app-release.apk'

2023-12-01 05:52:31 - [MESSAGE][PASSED] - I start the application

2023-12-01 05:52:31 - [TEST_STEP][PASSED] - I have a vCard: I have a vCard

2023-12-01 05:52:31 - [MESSAGE][PASSED] - I have a vCard

2023-12-01 05:52:31 - [TEST_STEP][PASSED] - I insert my "pin code": I insert my "pin code"

2023-12-01 05:52:31 - [MESSAGE][WARNING] - Timeout '0' is invalid. Using default page load timeout: '30'

2023-12-01 05:52:33 - [MESSAGE][PASSED] - Text '1234' has been set to element 'Object Repository/codeConfirmation'

2023-12-01 05:52:33 - [MESSAGE][PASSED] - I insert my "pin code"

2023-12-01 05:52:33 - [TEST_STEP][PASSED] - I tap the "Login" button: I tap the "Login" button

2023-12-01 05:52:33 - [MESSAGE][WARNING] - Timeout '0' is invalid. Using default page load timeout: '30'

2023-12-01 05:52:34 - [MESSAGE][PASSED] - Tapped on element 'Object Repository/btn-Login'

2023-12-01 05:52:34 - [MESSAGE][PASSED] - I tap the "Login" button

2023-12-01 05:52:34 - [TEST_STEP][PASSED] - I can see my piggyBank balance: I can see my piggyBank balance

2023-12-01 05:52:35 - [MESSAGE][PASSED] - Text of element 'Object Repository/dashboardPiggyBalance' is: '100.00 €'

2023-12-01 05:52:35 - [MESSAGE][PASSED] - Actual object '100.00 €' and expected object '0.00 €' are not equal

2023-12-01 05:52:37 - [MESSAGE][PASSED] - Close app successfully

2023-12-01 05:52:37 - [MESSAGE][PASSED] - I can see my piggyBank balance

2023-12-01 05:52:37 - [TEST_CASE][PASSED] - Start Test Case : SCENARIO Check piggy bank balance is 0: SCENARIO Check piggy bank balance is 0

2023-12-01 05:52:37 - [TEST_STEP][PASSED] - I start the application: I start the application

2023-12-01 05:52:38 - [MESSAGE][INFO] - Detected NodeJS location: "C:\Program Files\nodejs\node.exe"

2023-12-01 05:52:39 - [MESSAGE][INFO] - Appium server started on port 59,631

2023-12-01 05:52:49 - [MESSAGE][PASSED] - Started app at: 'S:\TAES\Projeto\tests\appForTest\app-release.apk'

2023-12-01 05:52:49 - [MESSAGE][PASSED] - I start the application

2023-12-01 05:52:49 - [TEST_STEP][PASSED] - I have a vCard: I have a vCard

2023-12-01 05:52:49 - [MESSAGE][PASSED] - I have a vCard

2023-12-01 05:52:49 - [TEST_STEP][PASSED] - I insert my "pin code": I insert my "pin code"

2023-12-01 05:52:49 - [MESSAGE][WARNING] - Timeout '0' is invalid. Using default page load timeout: '30'

2023-12-01 05:52:50 - [MESSAGE][PASSED] - Text '1234' has been set to element 'Object Repository/codeConfirmation'

2023-12-01 05:52:50 - [MESSAGE][PASSED] - I insert my "pin code"

2023-12-01 05:52:50 - [TEST_STEP][PASSED] - I tap the "Login" button: I tap the "Login" button

2023-12-01 05:52:50 - [MESSAGE][WARNING] - Timeout '0' is invalid. Using default page load timeout: '30'

2023-12-01 05:52:51 - [MESSAGE][PASSED] - Tapped on element 'Object Repository/btn-Login'

2023-12-01 05:52:51 - [MESSAGE][PASSED] - I tap the "Login" button

2023-12-01 05:52:51 - [TEST_STEP][PASSED] - I can see my piggy bank balance is "0": I can see my piggy bank balance is "0"

2023-12-01 05:52:56 - [MESSAGE][PASSED] - Delayed 5 second(s)

2023-12-01 05:52:56 - [MESSAGE][PASSED] - Actual text and expected text of test object 'Object Repository/dashPiggy0' are matched.

2023-12-01 05:52:56 - [MESSAGE][PASSED] - Close app successfully

2023-12-01 05:52:56 - [MESSAGE][PASSED] - I can see my piggy bank balance is "0"

2023-12-01 05:52:56 - [MESSAGE][PASSED] - Feature file: 'Include/features/US4 -CheckPiggyBankBalanceOnTheDashboard/US4-CheckPiggyBankBalanceOnTheDashBoard.feature' was passed]]></system-out>
         <system-err><![CDATA[]]></system-err>
      </testcase>
      <testcase name="Test Cases/US5 - Deposit Money on the Piggy bank/US5 - Deposit Money on the Piggy bank" time="47.504" classname="Test Cases/US5 - Deposit Money on the Piggy bank/US5 - Deposit Money on the Piggy bank" status="PASSED">
         <system-out><![CDATA[2023-12-01 05:52:56 - [TEST_CASE][PASSED] - Test Cases/US5 - Deposit Money on the Piggy bank/US5 - Deposit Money on the Piggy bank: Test Cases/US5 - Deposit Money on the Piggy bank/US5 - Deposit Money on the Piggy bank

2023-12-01 05:52:57 - [TEST_STEP][PASSED] - runFeatureFile("Include/features/US5-DepositMoneyOnThePiggyBank/DepositMoneyOnThePiggyBank.feature"): Feature file: 'Include/features/US5-DepositMoneyOnThePiggyBank/DepositMoneyOnThePiggyBank.feature' was passed

2023-12-01 05:52:57 - [MESSAGE][INFO] - Starting run keyword runFeatureFile: 'Include/features/US5-DepositMoneyOnThePiggyBank/DepositMoneyOnThePiggyBank.feature' and extract report to folder: 'S:\TAES\Projeto\tests\Reports\20231201_055003\TestSuit\20231201_055003/cucumber_report/1701409977294'...

2023-12-01 05:52:57 - [TEST_CASE][PASSED] - Start Test Case : SCENARIO Deposit a valid amount of money on the Piggy bank: SCENARIO Deposit a valid amount of money on the Piggy bank

2023-12-01 05:52:57 - [TEST_STEP][PASSED] - I start the application: I start the application

2023-12-01 05:52:57 - [MESSAGE][INFO] - Detected NodeJS location: "C:\Program Files\nodejs\node.exe"

2023-12-01 05:52:58 - [MESSAGE][INFO] - Appium server started on port 59,736

2023-12-01 05:53:08 - [MESSAGE][PASSED] - Started app at: 'S:\TAES\Projeto\tests\appForTest\app-release.apk'

2023-12-01 05:53:08 - [MESSAGE][PASSED] - I start the application

2023-12-01 05:53:08 - [TEST_STEP][PASSED] - I have a vCard: I have a vCard

2023-12-01 05:53:08 - [MESSAGE][PASSED] - I have a vCard

2023-12-01 05:53:08 - [TEST_STEP][PASSED] - I insert my "pin code": I insert my "pin code"

2023-12-01 05:53:08 - [MESSAGE][WARNING] - Timeout '0' is invalid. Using default page load timeout: '30'

2023-12-01 05:53:10 - [MESSAGE][PASSED] - Text '1234' has been set to element 'Object Repository/codeConfirmation'

2023-12-01 05:53:10 - [MESSAGE][PASSED] - I insert my "pin code"

2023-12-01 05:53:10 - [TEST_STEP][PASSED] - I tap the "Login" button: I tap the "Login" button

2023-12-01 05:53:10 - [MESSAGE][WARNING] - Timeout '0' is invalid. Using default page load timeout: '30'

2023-12-01 05:53:10 - [MESSAGE][PASSED] - Tapped on element 'Object Repository/btn-Login'

2023-12-01 05:53:10 - [MESSAGE][PASSED] - I tap the "Login" button

2023-12-01 05:53:10 - [TEST_STEP][PASSED] - I tap the "PiggyBank" button: I tap the "PiggyBank" button

2023-12-01 05:53:10 - [MESSAGE][WARNING] - Timeout '0' is invalid. Using default page load timeout: '30'

2023-12-01 05:53:13 - [MESSAGE][PASSED] - Tapped on element 'Object Repository/btn-PiggyBank'

2023-12-01 05:53:13 - [MESSAGE][PASSED] - I tap the "PiggyBank" button

2023-12-01 05:53:13 - [TEST_STEP][PASSED] - I insert a valid amount of money: I insert a valid amount of money

2023-12-01 05:53:13 - [MESSAGE][WARNING] - Timeout '0' is invalid. Using default page load timeout: '30'

2023-12-01 05:53:16 - [MESSAGE][PASSED] - Text '100.00' has been set to element 'Object Repository/piggyBankInsertAmount'

2023-12-01 05:53:16 - [MESSAGE][PASSED] - I insert a valid amount of money

2023-12-01 05:53:16 - [TEST_STEP][PASSED] - I tap the "Add" button: I tap the "Add" button

2023-12-01 05:53:16 - [MESSAGE][WARNING] - Timeout '0' is invalid. Using default page load timeout: '30'

2023-12-01 05:53:17 - [MESSAGE][PASSED] - Tapped on element 'Object Repository/btn-Add'

2023-12-01 05:53:17 - [MESSAGE][PASSED] - I tap the "Add" button

2023-12-01 05:53:17 - [TEST_STEP][PASSED] - I can see the money addded on the Piggy bank: I can see the money addded on the Piggy bank

2023-12-01 05:53:20 - [MESSAGE][PASSED] - Delayed 3 second(s)

2023-12-01 05:53:20 - [MESSAGE][WARNING] - Timeout '0' is invalid. Using default page load timeout: '30'

2023-12-01 05:53:20 - [MESSAGE][PASSED] - Element 'Object Repository/piggyBankBalance' is exist

2023-12-01 05:53:21 - [MESSAGE][PASSED] - Close app successfully

2023-12-01 05:53:21 - [MESSAGE][PASSED] - I can see the money addded on the Piggy bank

2023-12-01 05:53:21 - [TEST_CASE][PASSED] - Start Test Case : SCENARIO Deposit an invalid amount of money on the Piggy bank: SCENARIO Deposit an invalid amount of money on the Piggy bank

2023-12-01 05:53:21 - [TEST_STEP][PASSED] - I start the application: I start the application

2023-12-01 05:53:21 - [MESSAGE][INFO] - Detected NodeJS location: "C:\Program Files\nodejs\node.exe"

2023-12-01 05:53:23 - [MESSAGE][INFO] - Appium server started on port 59,845

2023-12-01 05:53:32 - [MESSAGE][PASSED] - Started app at: 'S:\TAES\Projeto\tests\appForTest\app-release.apk'

2023-12-01 05:53:32 - [MESSAGE][PASSED] - I start the application

2023-12-01 05:53:32 - [TEST_STEP][PASSED] - I have a vCard: I have a vCard

2023-12-01 05:53:32 - [MESSAGE][PASSED] - I have a vCard

2023-12-01 05:53:32 - [TEST_STEP][PASSED] - I insert my "pin code": I insert my "pin code"

2023-12-01 05:53:32 - [MESSAGE][WARNING] - Timeout '0' is invalid. Using default page load timeout: '30'

2023-12-01 05:53:34 - [MESSAGE][PASSED] - Text '1234' has been set to element 'Object Repository/codeConfirmation'

2023-12-01 05:53:34 - [MESSAGE][PASSED] - I insert my "pin code"

2023-12-01 05:53:34 - [TEST_STEP][PASSED] - I tap the "Login" button: I tap the "Login" button

2023-12-01 05:53:34 - [MESSAGE][WARNING] - Timeout '0' is invalid. Using default page load timeout: '30'

2023-12-01 05:53:34 - [MESSAGE][PASSED] - Tapped on element 'Object Repository/btn-Login'

2023-12-01 05:53:34 - [MESSAGE][PASSED] - I tap the "Login" button

2023-12-01 05:53:34 - [TEST_STEP][PASSED] - I tap the "PiggyBank" button: I tap the "PiggyBank" button

2023-12-01 05:53:35 - [MESSAGE][WARNING] - Timeout '0' is invalid. Using default page load timeout: '30'

2023-12-01 05:53:37 - [MESSAGE][PASSED] - Tapped on element 'Object Repository/btn-PiggyBank'

2023-12-01 05:53:37 - [MESSAGE][PASSED] - I tap the "PiggyBank" button

2023-12-01 05:53:37 - [TEST_STEP][PASSED] - I insert an invalid amount of money: I insert an invalid amount of money

2023-12-01 05:53:37 - [MESSAGE][WARNING] - Timeout '0' is invalid. Using default page load timeout: '30'

2023-12-01 05:53:40 - [MESSAGE][PASSED] - Text '0.00' has been set to element 'Object Repository/piggyBankInsertAmount'

2023-12-01 05:53:40 - [MESSAGE][PASSED] - I insert an invalid amount of money

2023-12-01 05:53:40 - [TEST_STEP][PASSED] - I cant see the "Add" button: I cant see the "Add" button

2023-12-01 05:53:43 - [MESSAGE][PASSED] - Delayed 3 second(s)

2023-12-01 05:53:44 - [MESSAGE][WARNING] - Timeout '0' is invalid. Using default page load timeout: '30'

2023-12-01 05:53:44 - [MESSAGE][PASSED] - Element 'Object Repository/btn-Add' is exist

2023-12-01 05:53:44 - [MESSAGE][PASSED] - Close app successfully

2023-12-01 05:53:44 - [MESSAGE][PASSED] - I cant see the "Add" button

2023-12-01 05:53:44 - [MESSAGE][PASSED] - Feature file: 'Include/features/US5-DepositMoneyOnThePiggyBank/DepositMoneyOnThePiggyBank.feature' was passed]]></system-out>
         <system-err><![CDATA[]]></system-err>
      </testcase>
      <testcase name="Test Cases/US6- Withdraw Money on the Piggy Bank/Withdraw Money on the Piggy Bank" time="50.704" classname="Test Cases/US6- Withdraw Money on the Piggy Bank/Withdraw Money on the Piggy Bank" status="PASSED">
         <system-out><![CDATA[2023-12-01 05:53:44 - [TEST_CASE][PASSED] - Test Cases/US6- Withdraw Money on the Piggy Bank/Withdraw Money on the Piggy Bank: Test Cases/US6- Withdraw Money on the Piggy Bank/Withdraw Money on the Piggy Bank

2023-12-01 05:53:44 - [TEST_STEP][PASSED] - runFeatureFile("Include/features/US6-WithdrawMoneyOnThePiggyBank/US6-WithdrawMoneyOnThePiggyBank.feature"): Feature file: 'Include/features/US6-WithdrawMoneyOnThePiggyBank/US6-WithdrawMoneyOnThePiggyBank.feature' was passed

2023-12-01 05:53:44 - [MESSAGE][INFO] - Starting run keyword runFeatureFile: 'Include/features/US6-WithdrawMoneyOnThePiggyBank/US6-WithdrawMoneyOnThePiggyBank.feature' and extract report to folder: 'S:\TAES\Projeto\tests\Reports\20231201_055003\TestSuit\20231201_055003/cucumber_report/1701410024823'...

2023-12-01 05:53:45 - [TEST_CASE][PASSED] - Start Test Case : SCENARIO Withdraw a valid amount of money on the Piggy bank: SCENARIO Withdraw a valid amount of money on the Piggy bank

2023-12-01 05:53:45 - [TEST_STEP][PASSED] - I start the application: I start the application

2023-12-01 05:53:45 - [MESSAGE][INFO] - Detected NodeJS location: "C:\Program Files\nodejs\node.exe"

2023-12-01 05:53:46 - [MESSAGE][INFO] - Appium server started on port 59,951

2023-12-01 05:53:56 - [MESSAGE][PASSED] - Started app at: 'S:\TAES\Projeto\tests\appForTest\app-release.apk'

2023-12-01 05:53:56 - [MESSAGE][PASSED] - I start the application

2023-12-01 05:53:56 - [TEST_STEP][PASSED] - I have a vCard: I have a vCard

2023-12-01 05:53:56 - [MESSAGE][PASSED] - I have a vCard

2023-12-01 05:53:56 - [TEST_STEP][PASSED] - I insert my "pin code": I insert my "pin code"

2023-12-01 05:53:56 - [MESSAGE][WARNING] - Timeout '0' is invalid. Using default page load timeout: '30'

2023-12-01 05:53:57 - [MESSAGE][PASSED] - Text '1234' has been set to element 'Object Repository/codeConfirmation'

2023-12-01 05:53:57 - [MESSAGE][PASSED] - I insert my "pin code"

2023-12-01 05:53:57 - [TEST_STEP][PASSED] - I tap the "Login" button: I tap the "Login" button

2023-12-01 05:53:57 - [MESSAGE][WARNING] - Timeout '0' is invalid. Using default page load timeout: '30'

2023-12-01 05:53:58 - [MESSAGE][PASSED] - Tapped on element 'Object Repository/btn-Login'

2023-12-01 05:53:58 - [MESSAGE][PASSED] - I tap the "Login" button

2023-12-01 05:53:58 - [TEST_STEP][PASSED] - I tap the "PiggyBank" button: I tap the "PiggyBank" button

2023-12-01 05:53:58 - [MESSAGE][WARNING] - Timeout '0' is invalid. Using default page load timeout: '30'

2023-12-01 05:54:01 - [MESSAGE][PASSED] - Tapped on element 'Object Repository/btn-PiggyBank'

2023-12-01 05:54:01 - [MESSAGE][PASSED] - I tap the "PiggyBank" button

2023-12-01 05:54:01 - [TEST_STEP][PASSED] - I insert a valid amount of money: I insert a valid amount of money

2023-12-01 05:54:01 - [MESSAGE][WARNING] - Timeout '0' is invalid. Using default page load timeout: '30'

2023-12-01 05:54:03 - [MESSAGE][PASSED] - Text '100.00' has been set to element 'Object Repository/piggyBankInsertAmount'

2023-12-01 05:54:03 - [MESSAGE][PASSED] - I insert a valid amount of money

2023-12-01 05:54:03 - [TEST_STEP][PASSED] - I tap the "Remove" button: I tap the "Remove" button

2023-12-01 05:54:03 - [MESSAGE][WARNING] - Timeout '0' is invalid. Using default page load timeout: '30'

2023-12-01 05:54:05 - [MESSAGE][PASSED] - Tapped on element 'Object Repository/btn-Remove'

2023-12-01 05:54:05 - [MESSAGE][PASSED] - I tap the "Remove" button

2023-12-01 05:54:05 - [TEST_STEP][PASSED] - I can see the money removed on the Piggy bank: I can see the money removed on the Piggy bank

2023-12-01 05:54:08 - [MESSAGE][PASSED] - Delayed 3 second(s)

2023-12-01 05:54:08 - [MESSAGE][WARNING] - Timeout '0' is invalid. Using default page load timeout: '30'

2023-12-01 05:54:08 - [MESSAGE][PASSED] - Element 'Object Repository/piggyBankAvailableBalance' is exist

2023-12-01 05:54:11 - [MESSAGE][PASSED] - Delayed 3 second(s)

2023-12-01 05:54:11 - [MESSAGE][PASSED] - Close app successfully

2023-12-01 05:54:11 - [MESSAGE][PASSED] - I can see the money removed on the Piggy bank

2023-12-01 05:54:11 - [TEST_CASE][PASSED] - Start Test Case : SCENARIO Withdraw an invalid amount of money on the Piggy bank: SCENARIO Withdraw an invalid amount of money on the Piggy bank

2023-12-01 05:54:11 - [TEST_STEP][PASSED] - I start the application: I start the application

2023-12-01 05:54:11 - [MESSAGE][INFO] - Detected NodeJS location: "C:\Program Files\nodejs\node.exe"

2023-12-01 05:54:13 - [MESSAGE][INFO] - Appium server started on port 60,063

2023-12-01 05:54:23 - [MESSAGE][PASSED] - Started app at: 'S:\TAES\Projeto\tests\appForTest\app-release.apk'

2023-12-01 05:54:23 - [MESSAGE][PASSED] - I start the application

2023-12-01 05:54:23 - [TEST_STEP][PASSED] - I have a vCard: I have a vCard

2023-12-01 05:54:23 - [MESSAGE][PASSED] - I have a vCard

2023-12-01 05:54:23 - [TEST_STEP][PASSED] - I insert my "pin code": I insert my "pin code"

2023-12-01 05:54:23 - [MESSAGE][WARNING] - Timeout '0' is invalid. Using default page load timeout: '30'

2023-12-01 05:54:24 - [MESSAGE][PASSED] - Text '1234' has been set to element 'Object Repository/codeConfirmation'

2023-12-01 05:54:24 - [MESSAGE][PASSED] - I insert my "pin code"

2023-12-01 05:54:24 - [TEST_STEP][PASSED] - I tap the "Login" button: I tap the "Login" button

2023-12-01 05:54:24 - [MESSAGE][WARNING] - Timeout '0' is invalid. Using default page load timeout: '30'

2023-12-01 05:54:25 - [MESSAGE][PASSED] - Tapped on element 'Object Repository/btn-Login'

2023-12-01 05:54:25 - [MESSAGE][PASSED] - I tap the "Login" button

2023-12-01 05:54:25 - [TEST_STEP][PASSED] - I tap the "PiggyBank" button: I tap the "PiggyBank" button

2023-12-01 05:54:25 - [MESSAGE][WARNING] - Timeout '0' is invalid. Using default page load timeout: '30'

2023-12-01 05:54:28 - [MESSAGE][PASSED] - Tapped on element 'Object Repository/btn-PiggyBank'

2023-12-01 05:54:28 - [MESSAGE][PASSED] - I tap the "PiggyBank" button

2023-12-01 05:54:28 - [TEST_STEP][PASSED] - I insert an invalid amount of money: I insert an invalid amount of money

2023-12-01 05:54:28 - [MESSAGE][WARNING] - Timeout '0' is invalid. Using default page load timeout: '30'

2023-12-01 05:54:31 - [MESSAGE][PASSED] - Text '0.00' has been set to element 'Object Repository/piggyBankInsertAmount'

2023-12-01 05:54:31 - [MESSAGE][PASSED] - I insert an invalid amount of money

2023-12-01 05:54:31 - [TEST_STEP][PASSED] - I cant see "Remove" button: I cant see "Remove" button

2023-12-01 05:54:34 - [MESSAGE][PASSED] - Delayed 3 second(s)

2023-12-01 05:54:34 - [MESSAGE][WARNING] - Timeout '0' is invalid. Using default page load timeout: '30'

2023-12-01 05:54:34 - [MESSAGE][PASSED] - Element 'Object Repository/btn-Remove' is exist

2023-12-01 05:54:35 - [MESSAGE][PASSED] - Close app successfully

2023-12-01 05:54:35 - [MESSAGE][PASSED] - I cant see "Remove" button

2023-12-01 05:54:35 - [MESSAGE][PASSED] - Feature file: 'Include/features/US6-WithdrawMoneyOnThePiggyBank/US6-WithdrawMoneyOnThePiggyBank.feature' was passed]]></system-out>
         <system-err><![CDATA[]]></system-err>
      </testcase>
      <testcase name="Test Cases/US7- List Of Contacts Page/ListOfContactsPage" time="22.591" classname="Test Cases/US7- List Of Contacts Page/ListOfContactsPage" status="PASSED">
         <system-out><![CDATA[2023-12-01 05:54:35 - [TEST_CASE][PASSED] - Test Cases/US7- List Of Contacts Page/ListOfContactsPage: Test Cases/US7- List Of Contacts Page/ListOfContactsPage

2023-12-01 05:54:35 - [TEST_STEP][PASSED] - runFeatureFile("Include/features/US7-ListOfContactsPage/ListOfContactsPage.feature"): Feature file: 'Include/features/US7-ListOfContactsPage/ListOfContactsPage.feature' was passed

2023-12-01 05:54:35 - [MESSAGE][INFO] - Starting run keyword runFeatureFile: 'Include/features/US7-ListOfContactsPage/ListOfContactsPage.feature' and extract report to folder: 'S:\TAES\Projeto\tests\Reports\20231201_055003\TestSuit\20231201_055003/cucumber_report/1701410075497'...

2023-12-01 05:54:35 - [TEST_CASE][PASSED] - Start Test Case : SCENARIO See all the contacts: SCENARIO See all the contacts

2023-12-01 05:54:35 - [TEST_STEP][PASSED] - I start the application: I start the application

2023-12-01 05:54:35 - [MESSAGE][INFO] - Detected NodeJS location: "C:\Program Files\nodejs\node.exe"

2023-12-01 05:54:37 - [MESSAGE][INFO] - Appium server started on port 60,170

2023-12-01 05:54:46 - [MESSAGE][PASSED] - Started app at: 'S:\TAES\Projeto\tests\appForTest\app-release.apk'

2023-12-01 05:54:46 - [MESSAGE][PASSED] - I start the application

2023-12-01 05:54:46 - [TEST_STEP][PASSED] - I have a vCard: I have a vCard

2023-12-01 05:54:46 - [MESSAGE][PASSED] - I have a vCard

2023-12-01 05:54:46 - [TEST_STEP][PASSED] - I insert my "pin code": I insert my "pin code"

2023-12-01 05:54:46 - [MESSAGE][WARNING] - Timeout '0' is invalid. Using default page load timeout: '30'

2023-12-01 05:54:48 - [MESSAGE][PASSED] - Text '1234' has been set to element 'Object Repository/codeConfirmation'

2023-12-01 05:54:48 - [MESSAGE][PASSED] - I insert my "pin code"

2023-12-01 05:54:48 - [TEST_STEP][PASSED] - I tap the "Login" button: I tap the "Login" button

2023-12-01 05:54:48 - [MESSAGE][WARNING] - Timeout '0' is invalid. Using default page load timeout: '30'

2023-12-01 05:54:48 - [MESSAGE][PASSED] - Tapped on element 'Object Repository/btn-Login'

2023-12-01 05:54:48 - [MESSAGE][PASSED] - I tap the "Login" button

2023-12-01 05:54:48 - [TEST_STEP][PASSED] - I tap the "SendMoney" button: I tap the "SendMoney" button

2023-12-01 05:54:48 - [MESSAGE][WARNING] - Timeout '0' is invalid. Using default page load timeout: '30'

2023-12-01 05:54:51 - [MESSAGE][PASSED] - Tapped on element 'Object Repository/btn-SendMoney'

2023-12-01 05:54:51 - [MESSAGE][PASSED] - I tap the "SendMoney" button

2023-12-01 05:54:51 - [TEST_STEP][PASSED] - I can see all the contacts: I can see all the contacts

2023-12-01 05:54:51 - [MESSAGE][WARNING] - Timeout '0' is invalid. Using default page load timeout: '30'

2023-12-01 05:54:54 - [MESSAGE][PASSED] - Element 'Object Repository/contactList' is exist

2023-12-01 05:54:57 - [MESSAGE][PASSED] - Close app successfully

2023-12-01 05:54:57 - [MESSAGE][PASSED] - I can see all the contacts

2023-12-01 05:54:57 - [MESSAGE][PASSED] - Feature file: 'Include/features/US7-ListOfContactsPage/ListOfContactsPage.feature' was passed]]></system-out>
         <system-err><![CDATA[]]></system-err>
      </testcase>
      <testcase name="Test Cases/US8 - Add New Contact To The List/US8-AddNewContactToTheList" time="56.13" classname="Test Cases/US8 - Add New Contact To The List/US8-AddNewContactToTheList" status="PASSED">
         <system-out><![CDATA[2023-12-01 05:54:57 - [TEST_CASE][PASSED] - Test Cases/US8 - Add New Contact To The List/US8-AddNewContactToTheList: Test Cases/US8 - Add New Contact To The List/US8-AddNewContactToTheList

2023-12-01 05:54:58 - [TEST_STEP][PASSED] - runFeatureFile("Include/features/US8-AddNewContactToTheList/US8-AddNewContactToTheList.feature"): Feature file: 'Include/features/US8-AddNewContactToTheList/US8-AddNewContactToTheList.feature' was passed

2023-12-01 05:54:58 - [MESSAGE][INFO] - Starting run keyword runFeatureFile: 'Include/features/US8-AddNewContactToTheList/US8-AddNewContactToTheList.feature' and extract report to folder: 'S:\TAES\Projeto\tests\Reports\20231201_055003\TestSuit\20231201_055003/cucumber_report/1701410098107'...

2023-12-01 05:54:58 - [TEST_CASE][PASSED] - Start Test Case : SCENARIO Add new contact to the contacts list success: SCENARIO Add new contact to the contacts list success

2023-12-01 05:54:58 - [TEST_STEP][PASSED] - I start the application: I start the application

2023-12-01 05:54:58 - [MESSAGE][INFO] - Detected NodeJS location: "C:\Program Files\nodejs\node.exe"

2023-12-01 05:55:00 - [MESSAGE][INFO] - Appium server started on port 60,283

2023-12-01 05:55:09 - [MESSAGE][PASSED] - Started app at: 'S:\TAES\Projeto\tests\appForTest\app-release.apk'

2023-12-01 05:55:09 - [MESSAGE][PASSED] - I start the application

2023-12-01 05:55:09 - [TEST_STEP][PASSED] - I have a vCard: I have a vCard

2023-12-01 05:55:09 - [MESSAGE][PASSED] - I have a vCard

2023-12-01 05:55:09 - [TEST_STEP][PASSED] - I insert my "pin code": I insert my "pin code"

2023-12-01 05:55:09 - [MESSAGE][WARNING] - Timeout '0' is invalid. Using default page load timeout: '30'

2023-12-01 05:55:11 - [MESSAGE][PASSED] - Text '1234' has been set to element 'Object Repository/codeConfirmation'

2023-12-01 05:55:11 - [MESSAGE][PASSED] - I insert my "pin code"

2023-12-01 05:55:11 - [TEST_STEP][PASSED] - I tap the "Login" button: I tap the "Login" button

2023-12-01 05:55:11 - [MESSAGE][WARNING] - Timeout '0' is invalid. Using default page load timeout: '30'

2023-12-01 05:55:11 - [MESSAGE][PASSED] - Tapped on element 'Object Repository/btn-Login'

2023-12-01 05:55:11 - [MESSAGE][PASSED] - I tap the "Login" button

2023-12-01 05:55:11 - [TEST_STEP][PASSED] - I tap the "SendMoney" button: I tap the "SendMoney" button

2023-12-01 05:55:11 - [MESSAGE][WARNING] - Timeout '0' is invalid. Using default page load timeout: '30'

2023-12-01 05:55:14 - [MESSAGE][PASSED] - Tapped on element 'Object Repository/btn-SendMoney'

2023-12-01 05:55:14 - [MESSAGE][PASSED] - I tap the "SendMoney" button

2023-12-01 05:55:14 - [TEST_STEP][PASSED] - I tap the "NewContact" button: I tap the "NewContact" button

2023-12-01 05:55:14 - [MESSAGE][WARNING] - Timeout '0' is invalid. Using default page load timeout: '30'

2023-12-01 05:55:17 - [MESSAGE][PASSED] - Tapped on element 'Object Repository/btn-NewContact'

2023-12-01 05:55:17 - [MESSAGE][PASSED] - I tap the "NewContact" button

2023-12-01 05:55:17 - [TEST_STEP][PASSED] - I insert a new contact: I insert a new contact

2023-12-01 05:55:17 - [MESSAGE][WARNING] - Timeout '0' is invalid. Using default page load timeout: '30'

2023-12-01 05:55:19 - [MESSAGE][PASSED] - Text 'Cristiano Ronaldo' has been set to element 'Object Repository/newContactName'

2023-12-01 05:55:19 - [MESSAGE][WARNING] - Timeout '0' is invalid. Using default page load timeout: '30'

2023-12-01 05:55:20 - [MESSAGE][PASSED] - Text '920000007' has been set to element 'Object Repository/newContactPhoneNumber'

2023-12-01 05:55:21 - [MESSAGE][WARNING] - Timeout '0' is invalid. Using default page load timeout: '30'

2023-12-01 05:55:21 - [MESSAGE][PASSED] - Tapped on element 'Object Repository/addNewContact'

2023-12-01 05:55:21 - [MESSAGE][PASSED] - I insert a new contact

2023-12-01 05:55:21 - [TEST_STEP][PASSED] - The new contact is added to the list of contacts: The new contact is added to the list of contacts

2023-12-01 05:55:26 - [MESSAGE][PASSED] - Delayed 5 second(s)

2023-12-01 05:55:26 - [MESSAGE][WARNING] - Timeout '0' is invalid. Using default page load timeout: '30'

2023-12-01 05:55:27 - [MESSAGE][PASSED] - Tapped on element 'Object Repository/contactList'

2023-12-01 05:55:27 - [MESSAGE][PASSED] - Close app successfully

2023-12-01 05:55:27 - [MESSAGE][PASSED] - The new contact is added to the list of contacts

2023-12-01 05:55:27 - [TEST_CASE][PASSED] - Start Test Case : SCENARIO Add new contact to the contacts list empty fields: SCENARIO Add new contact to the contacts list empty fields

2023-12-01 05:55:27 - [TEST_STEP][PASSED] - I start the application: I start the application

2023-12-01 05:55:27 - [MESSAGE][INFO] - Detected NodeJS location: "C:\Program Files\nodejs\node.exe"

2023-12-01 05:55:29 - [MESSAGE][INFO] - Appium server started on port 60,394

2023-12-01 05:55:38 - [MESSAGE][PASSED] - Started app at: 'S:\TAES\Projeto\tests\appForTest\app-release.apk'

2023-12-01 05:55:38 - [MESSAGE][PASSED] - I start the application

2023-12-01 05:55:38 - [TEST_STEP][PASSED] - I have a vCard: I have a vCard

2023-12-01 05:55:38 - [MESSAGE][PASSED] - I have a vCard

2023-12-01 05:55:38 - [TEST_STEP][PASSED] - I insert my "pin code": I insert my "pin code"

2023-12-01 05:55:38 - [MESSAGE][WARNING] - Timeout '0' is invalid. Using default page load timeout: '30'

2023-12-01 05:55:40 - [MESSAGE][PASSED] - Text '1234' has been set to element 'Object Repository/codeConfirmation'

2023-12-01 05:55:40 - [MESSAGE][PASSED] - I insert my "pin code"

2023-12-01 05:55:40 - [TEST_STEP][PASSED] - I tap the "Login" button: I tap the "Login" button

2023-12-01 05:55:40 - [MESSAGE][WARNING] - Timeout '0' is invalid. Using default page load timeout: '30'

2023-12-01 05:55:40 - [MESSAGE][PASSED] - Tapped on element 'Object Repository/btn-Login'

2023-12-01 05:55:40 - [MESSAGE][PASSED] - I tap the "Login" button

2023-12-01 05:55:40 - [TEST_STEP][PASSED] - I tap the "SendMoney" button: I tap the "SendMoney" button

2023-12-01 05:55:40 - [MESSAGE][WARNING] - Timeout '0' is invalid. Using default page load timeout: '30'

2023-12-01 05:55:43 - [MESSAGE][PASSED] - Tapped on element 'Object Repository/btn-SendMoney'

2023-12-01 05:55:43 - [MESSAGE][PASSED] - I tap the "SendMoney" button

2023-12-01 05:55:43 - [TEST_STEP][PASSED] - I tap the "NewContact" button: I tap the "NewContact" button

2023-12-01 05:55:43 - [MESSAGE][WARNING] - Timeout '0' is invalid. Using default page load timeout: '30'

2023-12-01 05:55:46 - [MESSAGE][PASSED] - Tapped on element 'Object Repository/btn-NewContact'

2023-12-01 05:55:46 - [MESSAGE][PASSED] - I tap the "NewContact" button

2023-12-01 05:55:46 - [TEST_STEP][PASSED] - I have empty fields: I have empty fields

2023-12-01 05:55:46 - [MESSAGE][WARNING] - Timeout '0' is invalid. Using default page load timeout: '30'

2023-12-01 05:55:48 - [MESSAGE][PASSED] - Tapped on element 'Object Repository/addNewContact'

2023-12-01 05:55:48 - [MESSAGE][PASSED] - I have empty fields

2023-12-01 05:55:48 - [TEST_STEP][PASSED] - I can see Empty fields message: I can see Empty fields message

2023-12-01 05:55:53 - [MESSAGE][PASSED] - Delayed 4 second(s)

2023-12-01 05:55:53 - [MESSAGE][PASSED] - Close app successfully

2023-12-01 05:55:53 - [MESSAGE][PASSED] - I can see Empty fields message

2023-12-01 05:55:53 - [MESSAGE][PASSED] - Feature file: 'Include/features/US8-AddNewContactToTheList/US8-AddNewContactToTheList.feature' was passed]]></system-out>
         <system-err><![CDATA[]]></system-err>
      </testcase>
      <system-out><![CDATA[2023-12-01 05:50:09 - [TEST_SUITE][PASSED] - TestSuit: Test Cases/US8 - Add New Contact To The List/US8-AddNewContactToTheList]]></system-out>
      <system-err><![CDATA[]]></system-err>
   </testsuite>
</testsuites>
