<?xml version="1.0" encoding="UTF-8"?>
<testsuites name="TestSuit3" time="201.332" tests="3" failures="0" errors="0">
   <testsuite name="TestSuit3" tests="3" failures="0" errors="0" time="201.332" skipped="0" timestamp="2023-12-12 01:58:14" hostname="diogo - DESKTOP-VK0O6AA.Home" id="Test Suites/TestSuit3">
      <properties>
         <property name="deviceName" value="emulator-5554 (sdk_gphone64_x86_64 - Android 14)"/>
         <property name="devicePlatform" value=""/>
         <property name="logFolder" value="S:\\TAES\\Projeto\\tests\\Reports\\20231212_015808\\TestSuit3\\20231212_015808"/>
         <property name="logFiles" value="S:\\TAES\\Projeto\\tests\\Reports\\20231212_015808\\TestSuit3\\20231212_015808\\appium.log, S:\\TAES\\Projeto\\tests\\Reports\\20231212_015808\\TestSuit3\\20231212_015808\\execution0.log"/>
         <property name="attachments" value=""/>
         <property name="hostName" value="diogo - DESKTOP-VK0O6AA.Home"/>
         <property name="os" value="Windows 10 64bit"/>
         <property name="appiumServerStatus" value="{&quot;value&quot;:{&quot;build&quot;:{&quot;version&quot;:&quot;1.22.3&quot;}},&quot;sessionId&quot;:null,&quot;status&quot;:0}"/>
         <property name="katalonVersion" value="8.6.8.208"/>
         <property name="deviceOS" value="Android"/>
         <property name="appiumVersion" value="1.22.3"/>
         <property name="deviceModel" value="sdk_gphone64_x86_64"/>
         <property name="hostAddress" value="192.168.1.68"/>
         <property name="deviceManufacturer" value="Google"/>
         <property name="deviceId" value="emulator-5554"/>
         <property name="deviceName" value="emulator-5554 (sdk_gphone64_x86_64 - Android 14)"/>
         <property name="deviceOSVersion" value="14"/>
      </properties>
      <testcase name="Test Cases/US15-Sort list of Transactions/ListOfTransactionsSortByTests" time="94.184" classname="Test Cases/US15-Sort list of Transactions/ListOfTransactionsSortByTests" status="PASSED">
         <system-out><![CDATA[2023-12-12 01:58:14 - [TEST_CASE][PASSED] - Test Cases/US15-Sort list of Transactions/ListOfTransactionsSortByTests: Test Cases/US15-Sort list of Transactions/ListOfTransactionsSortByTests

2023-12-12 01:58:14 - [TEST_STEP][PASSED] - runFeatureFile("Include/features/US15-SortListOfTransactions/SortListOfTransactions.feature"): Feature file: 'Include/features/US15-SortListOfTransactions/SortListOfTransactions.feature' was passed

2023-12-12 01:58:14 - [MESSAGE][INFO] - Starting run keyword runFeatureFile: 'Include/features/US15-SortListOfTransactions/SortListOfTransactions.feature' and extract report to folder: 'S:\TAES\Projeto\tests\Reports\20231212_015808\TestSuit3\20231212_015808/cucumber_report/1702346294659'...

2023-12-12 01:58:15 - [TEST_CASE][PASSED] - Start Test Case : SCENARIO List of Transaction on Transaction Page filtered by Date ASC: SCENARIO List of Transaction on Transaction Page filtered by Date ASC

2023-12-12 01:58:15 - [TEST_STEP][PASSED] - I start the application: I start the application

2023-12-12 01:58:15 - [MESSAGE][INFO] - Detected NodeJS location: "C:\Program Files\nodejs\node.exe"

2023-12-12 01:58:17 - [MESSAGE][INFO] - Appium server started on port 55,107

2023-12-12 01:58:28 - [MESSAGE][PASSED] - Started app at: 'S:\TAES\Projeto\tests\appForTest\app-release.apk'

2023-12-12 01:58:28 - [MESSAGE][PASSED] - I start the application

2023-12-12 01:58:28 - [TEST_STEP][PASSED] - I have a vCard: I have a vCard

2023-12-12 01:58:28 - [MESSAGE][PASSED] - I have a vCard

2023-12-12 01:58:28 - [TEST_STEP][PASSED] - I insert my "pin code": I insert my "pin code"

2023-12-12 01:58:28 - [MESSAGE][WARNING] - Timeout '0' is invalid. Using default page load timeout: '30'

2023-12-12 01:58:30 - [MESSAGE][PASSED] - Text '1234' has been set to element 'Object Repository/codeConfirmation'

2023-12-12 01:58:30 - [MESSAGE][PASSED] - I insert my "pin code"

2023-12-12 01:58:30 - [TEST_STEP][PASSED] - I tap the "Login" button: I tap the "Login" button

2023-12-12 01:58:30 - [MESSAGE][WARNING] - Timeout '0' is invalid. Using default page load timeout: '30'

2023-12-12 01:58:30 - [MESSAGE][PASSED] - Tapped on element 'Object Repository/btn-Login'

2023-12-12 01:58:30 - [MESSAGE][PASSED] - I tap the "Login" button

2023-12-12 01:58:30 - [TEST_STEP][PASSED] - I tap the "Transactions" button: I tap the "Transactions" button

2023-12-12 01:58:30 - [MESSAGE][WARNING] - Timeout '0' is invalid. Using default page load timeout: '30'

2023-12-12 01:58:33 - [MESSAGE][PASSED] - Tapped on element 'Object Repository/btn-Transactions'

2023-12-12 01:58:33 - [MESSAGE][PASSED] - I tap the "Transactions" button

2023-12-12 01:58:33 - [TEST_STEP][PASSED] - I select "DateASC": I select "DateASC"

2023-12-12 01:58:33 - [MESSAGE][WARNING] - Timeout '0' is invalid. Using default page load timeout: '30'

2023-12-12 01:58:34 - [MESSAGE][PASSED] - Tapped on element 'Object Repository/buttonDateASC'

2023-12-12 01:58:34 - [MESSAGE][PASSED] - I select "DateASC"

2023-12-12 01:58:34 - [TEST_STEP][PASSED] - I can see all my transactions order by date ASC: I can see all my transactions order by date ASC

2023-12-12 01:58:34 - [MESSAGE][WARNING] - Timeout '0' is invalid. Using default page load timeout: '30'

2023-12-12 01:58:35 - [MESSAGE][PASSED] - Element 'Object Repository/transactionsList' is exist

2023-12-12 01:58:39 - [MESSAGE][PASSED] - Delayed 4 second(s)

2023-12-12 01:58:40 - [MESSAGE][PASSED] - Close app successfully

2023-12-12 01:58:40 - [MESSAGE][PASSED] - I can see all my transactions order by date ASC

2023-12-12 01:58:40 - [TEST_CASE][PASSED] - Start Test Case : SCENARIO List of Transaction on Transaction Page filtered by Date DESC: SCENARIO List of Transaction on Transaction Page filtered by Date DESC

2023-12-12 01:58:40 - [TEST_STEP][PASSED] - I start the application: I start the application

2023-12-12 01:58:40 - [MESSAGE][INFO] - Detected NodeJS location: "C:\Program Files\nodejs\node.exe"

2023-12-12 01:58:42 - [MESSAGE][INFO] - Appium server started on port 55,217

2023-12-12 01:58:51 - [MESSAGE][PASSED] - Started app at: 'S:\TAES\Projeto\tests\appForTest\app-release.apk'

2023-12-12 01:58:51 - [MESSAGE][PASSED] - I start the application

2023-12-12 01:58:51 - [TEST_STEP][PASSED] - I have a vCard: I have a vCard

2023-12-12 01:58:51 - [MESSAGE][PASSED] - I have a vCard

2023-12-12 01:58:51 - [TEST_STEP][PASSED] - I insert my "pin code": I insert my "pin code"

2023-12-12 01:58:51 - [MESSAGE][WARNING] - Timeout '0' is invalid. Using default page load timeout: '30'

2023-12-12 01:58:52 - [MESSAGE][PASSED] - Text '1234' has been set to element 'Object Repository/codeConfirmation'

2023-12-12 01:58:52 - [MESSAGE][PASSED] - I insert my "pin code"

2023-12-12 01:58:52 - [TEST_STEP][PASSED] - I tap the "Login" button: I tap the "Login" button

2023-12-12 01:58:53 - [MESSAGE][WARNING] - Timeout '0' is invalid. Using default page load timeout: '30'

2023-12-12 01:58:53 - [MESSAGE][PASSED] - Tapped on element 'Object Repository/btn-Login'

2023-12-12 01:58:53 - [MESSAGE][PASSED] - I tap the "Login" button

2023-12-12 01:58:53 - [TEST_STEP][PASSED] - I tap the "Transactions" button: I tap the "Transactions" button

2023-12-12 01:58:53 - [MESSAGE][WARNING] - Timeout '0' is invalid. Using default page load timeout: '30'

2023-12-12 01:58:57 - [MESSAGE][PASSED] - Tapped on element 'Object Repository/btn-Transactions'

2023-12-12 01:58:57 - [MESSAGE][PASSED] - I tap the "Transactions" button

2023-12-12 01:58:57 - [TEST_STEP][PASSED] - I select "DateDESC": I select "DateDESC"

2023-12-12 01:58:57 - [MESSAGE][WARNING] - Timeout '0' is invalid. Using default page load timeout: '30'

2023-12-12 01:58:57 - [MESSAGE][PASSED] - Tapped on element 'Object Repository/buttonDateDESC'

2023-12-12 01:58:57 - [MESSAGE][PASSED] - I select "DateDESC"

2023-12-12 01:58:57 - [TEST_STEP][PASSED] - I can see all my transactions order by date DESC: I can see all my transactions order by date DESC

2023-12-12 01:58:58 - [MESSAGE][WARNING] - Timeout '0' is invalid. Using default page load timeout: '30'

2023-12-12 01:58:58 - [MESSAGE][PASSED] - Element 'Object Repository/transactionsList' is exist

2023-12-12 01:59:02 - [MESSAGE][PASSED] - Delayed 4 second(s)

2023-12-12 01:59:03 - [MESSAGE][PASSED] - Close app successfully

2023-12-12 01:59:03 - [MESSAGE][PASSED] - I can see all my transactions order by date DESC

2023-12-12 01:59:03 - [TEST_CASE][PASSED] - Start Test Case : SCENARIO Transaction list filter by amount of money ASC: SCENARIO Transaction list filter by amount of money ASC

2023-12-12 01:59:03 - [TEST_STEP][PASSED] - I start the application: I start the application

2023-12-12 01:59:03 - [MESSAGE][INFO] - Detected NodeJS location: "C:\Program Files\nodejs\node.exe"

2023-12-12 01:59:04 - [MESSAGE][INFO] - Appium server started on port 55,324

2023-12-12 01:59:14 - [MESSAGE][PASSED] - Started app at: 'S:\TAES\Projeto\tests\appForTest\app-release.apk'

2023-12-12 01:59:14 - [MESSAGE][PASSED] - I start the application

2023-12-12 01:59:14 - [TEST_STEP][PASSED] - I have a vCard: I have a vCard

2023-12-12 01:59:14 - [MESSAGE][PASSED] - I have a vCard

2023-12-12 01:59:14 - [TEST_STEP][PASSED] - I insert my "pin code": I insert my "pin code"

2023-12-12 01:59:14 - [MESSAGE][WARNING] - Timeout '0' is invalid. Using default page load timeout: '30'

2023-12-12 01:59:15 - [MESSAGE][PASSED] - Text '1234' has been set to element 'Object Repository/codeConfirmation'

2023-12-12 01:59:15 - [MESSAGE][PASSED] - I insert my "pin code"

2023-12-12 01:59:15 - [TEST_STEP][PASSED] - I tap the "Login" button: I tap the "Login" button

2023-12-12 01:59:15 - [MESSAGE][WARNING] - Timeout '0' is invalid. Using default page load timeout: '30'

2023-12-12 01:59:16 - [MESSAGE][PASSED] - Tapped on element 'Object Repository/btn-Login'

2023-12-12 01:59:16 - [MESSAGE][PASSED] - I tap the "Login" button

2023-12-12 01:59:16 - [TEST_STEP][PASSED] - I tap the "Transactions" button: I tap the "Transactions" button

2023-12-12 01:59:16 - [MESSAGE][WARNING] - Timeout '0' is invalid. Using default page load timeout: '30'

2023-12-12 01:59:20 - [MESSAGE][PASSED] - Tapped on element 'Object Repository/btn-Transactions'

2023-12-12 01:59:20 - [MESSAGE][PASSED] - I tap the "Transactions" button

2023-12-12 01:59:20 - [TEST_STEP][PASSED] - I select "MoneyASC": I select "MoneyASC"

2023-12-12 01:59:20 - [MESSAGE][WARNING] - Timeout '0' is invalid. Using default page load timeout: '30'

2023-12-12 01:59:20 - [MESSAGE][PASSED] - Tapped on element 'Object Repository/buttonMoneyASC'

2023-12-12 01:59:20 - [MESSAGE][PASSED] - I select "MoneyASC"

2023-12-12 01:59:20 - [TEST_STEP][PASSED] - I can see all my transactions order by amount of money ASC: I can see all my transactions order by amount of money ASC

2023-12-12 01:59:20 - [MESSAGE][WARNING] - Timeout '0' is invalid. Using default page load timeout: '30'

2023-12-12 01:59:21 - [MESSAGE][PASSED] - Element 'Object Repository/transactionsList' is exist

2023-12-12 01:59:25 - [MESSAGE][PASSED] - Delayed 4 second(s)

2023-12-12 01:59:25 - [MESSAGE][PASSED] - Close app successfully

2023-12-12 01:59:25 - [MESSAGE][PASSED] - I can see all my transactions order by amount of money ASC

2023-12-12 01:59:25 - [TEST_CASE][PASSED] - Start Test Case : SCENARIO Transaction list filter by amount of money DESC: SCENARIO Transaction list filter by amount of money DESC

2023-12-12 01:59:25 - [TEST_STEP][PASSED] - I start the application: I start the application

2023-12-12 01:59:25 - [MESSAGE][INFO] - Detected NodeJS location: "C:\Program Files\nodejs\node.exe"

2023-12-12 01:59:27 - [MESSAGE][INFO] - Appium server started on port 55,432

2023-12-12 01:59:36 - [MESSAGE][PASSED] - Started app at: 'S:\TAES\Projeto\tests\appForTest\app-release.apk'

2023-12-12 01:59:36 - [MESSAGE][PASSED] - I start the application

2023-12-12 01:59:36 - [TEST_STEP][PASSED] - I have a vCard: I have a vCard

2023-12-12 01:59:36 - [MESSAGE][PASSED] - I have a vCard

2023-12-12 01:59:36 - [TEST_STEP][PASSED] - I insert my "pin code": I insert my "pin code"

2023-12-12 01:59:36 - [MESSAGE][WARNING] - Timeout '0' is invalid. Using default page load timeout: '30'

2023-12-12 01:59:38 - [MESSAGE][PASSED] - Text '1234' has been set to element 'Object Repository/codeConfirmation'

2023-12-12 01:59:38 - [MESSAGE][PASSED] - I insert my "pin code"

2023-12-12 01:59:38 - [TEST_STEP][PASSED] - I tap the "Login" button: I tap the "Login" button

2023-12-12 01:59:38 - [MESSAGE][WARNING] - Timeout '0' is invalid. Using default page load timeout: '30'

2023-12-12 01:59:38 - [MESSAGE][PASSED] - Tapped on element 'Object Repository/btn-Login'

2023-12-12 01:59:38 - [MESSAGE][PASSED] - I tap the "Login" button

2023-12-12 01:59:38 - [TEST_STEP][PASSED] - I tap the "Transactions" button: I tap the "Transactions" button

2023-12-12 01:59:38 - [MESSAGE][WARNING] - Timeout '0' is invalid. Using default page load timeout: '30'

2023-12-12 01:59:41 - [MESSAGE][PASSED] - Tapped on element 'Object Repository/btn-Transactions'

2023-12-12 01:59:41 - [MESSAGE][PASSED] - I tap the "Transactions" button

2023-12-12 01:59:41 - [TEST_STEP][PASSED] - I select "MoneyDESC": I select "MoneyDESC"

2023-12-12 01:59:41 - [MESSAGE][WARNING] - Timeout '0' is invalid. Using default page load timeout: '30'

2023-12-12 01:59:43 - [MESSAGE][PASSED] - Tapped on element 'Object Repository/buttonMoneyDESC'

2023-12-12 01:59:43 - [MESSAGE][PASSED] - I select "MoneyDESC"

2023-12-12 01:59:43 - [TEST_STEP][PASSED] - I can see all my transactions order by amount of money DESC: I can see all my transactions order by amount of money DESC

2023-12-12 01:59:43 - [MESSAGE][WARNING] - Timeout '0' is invalid. Using default page load timeout: '30'

2023-12-12 01:59:43 - [MESSAGE][PASSED] - Element 'Object Repository/transactionsList' is exist

2023-12-12 01:59:47 - [MESSAGE][PASSED] - Delayed 4 second(s)

2023-12-12 01:59:48 - [MESSAGE][PASSED] - Close app successfully

2023-12-12 01:59:48 - [MESSAGE][PASSED] - I can see all my transactions order by amount of money DESC

2023-12-12 01:59:48 - [MESSAGE][PASSED] - Feature file: 'Include/features/US15-SortListOfTransactions/SortListOfTransactions.feature' was passed]]></system-out>
         <system-err><![CDATA[]]></system-err>
      </testcase>
      <testcase name="Test Cases/US16-EnableDisableNotifications/EnableDisableNotificationsTests" time="47.158" classname="Test Cases/US16-EnableDisableNotifications/EnableDisableNotificationsTests" status="PASSED">
         <system-out><![CDATA[2023-12-12 01:59:48 - [TEST_CASE][PASSED] - Test Cases/US16-EnableDisableNotifications/EnableDisableNotificationsTests: Test Cases/US16-EnableDisableNotifications/EnableDisableNotificationsTests

2023-12-12 01:59:48 - [TEST_STEP][PASSED] - runFeatureFile("Include/features/US16-EnableDisableNotifications/EnableDisableNotifications.feature"): Feature file: 'Include/features/US16-EnableDisableNotifications/EnableDisableNotifications.feature' was passed

2023-12-12 01:59:48 - [MESSAGE][INFO] - Starting run keyword runFeatureFile: 'Include/features/US16-EnableDisableNotifications/EnableDisableNotifications.feature' and extract report to folder: 'S:\TAES\Projeto\tests\Reports\20231212_015808\TestSuit3\20231212_015808/cucumber_report/1702346388855'...

2023-12-12 01:59:49 - [TEST_CASE][PASSED] - Start Test Case : SCENARIO Enable notifications: SCENARIO Enable notifications

2023-12-12 01:59:49 - [TEST_STEP][PASSED] - I start the application: I start the application

2023-12-12 01:59:49 - [MESSAGE][INFO] - Detected NodeJS location: "C:\Program Files\nodejs\node.exe"

2023-12-12 01:59:50 - [MESSAGE][INFO] - Appium server started on port 55,542

2023-12-12 01:59:59 - [MESSAGE][PASSED] - Started app at: 'S:\TAES\Projeto\tests\appForTest\app-release.apk'

2023-12-12 01:59:59 - [MESSAGE][PASSED] - I start the application

2023-12-12 01:59:59 - [TEST_STEP][PASSED] - I have a vCard: I have a vCard

2023-12-12 01:59:59 - [MESSAGE][PASSED] - I have a vCard

2023-12-12 01:59:59 - [TEST_STEP][PASSED] - I insert my "pin code": I insert my "pin code"

2023-12-12 01:59:59 - [MESSAGE][WARNING] - Timeout '0' is invalid. Using default page load timeout: '30'

2023-12-12 02:00:01 - [MESSAGE][PASSED] - Text '1234' has been set to element 'Object Repository/codeConfirmation'

2023-12-12 02:00:01 - [MESSAGE][PASSED] - I insert my "pin code"

2023-12-12 02:00:01 - [TEST_STEP][PASSED] - I tap the "Login" button: I tap the "Login" button

2023-12-12 02:00:01 - [MESSAGE][WARNING] - Timeout '0' is invalid. Using default page load timeout: '30'

2023-12-12 02:00:02 - [MESSAGE][PASSED] - Tapped on element 'Object Repository/btn-Login'

2023-12-12 02:00:02 - [MESSAGE][PASSED] - I tap the "Login" button

2023-12-12 02:00:02 - [TEST_STEP][PASSED] - I tap the "Settings" button: I tap the "Settings" button

2023-12-12 02:00:02 - [MESSAGE][WARNING] - Timeout '0' is invalid. Using default page load timeout: '30'

2023-12-12 02:00:05 - [MESSAGE][PASSED] - Tapped on element 'Object Repository/btn-Settings'

2023-12-12 02:00:05 - [MESSAGE][PASSED] - I tap the "Settings" button

2023-12-12 02:00:05 - [TEST_STEP][PASSED] - I tap on enable toggle button: I tap on enable toggle button

2023-12-12 02:00:05 - [MESSAGE][WARNING] - Timeout '0' is invalid. Using default page load timeout: '30'

2023-12-12 02:00:06 - [MESSAGE][PASSED] - Tapped on element 'Object Repository/toggleNotifications'

2023-12-12 02:00:06 - [MESSAGE][PASSED] - I tap on enable toggle button

2023-12-12 02:00:06 - [TEST_STEP][PASSED] - I can see the notification pop-up of the money that i received: I can see the notification pop-up of the money that i received

2023-12-12 02:00:06 - [MESSAGE][WARNING] - Timeout '0' is invalid. Using default page load timeout: '30'

2023-12-12 02:00:07 - [MESSAGE][PASSED] - Element 'Object Repository/toggleNotifications' is exist

2023-12-12 02:00:11 - [MESSAGE][PASSED] - Delayed 4 second(s)

2023-12-12 02:00:12 - [MESSAGE][PASSED] - Close app successfully

2023-12-12 02:00:12 - [MESSAGE][PASSED] - I can see the notification pop-up of the money that i received

2023-12-12 02:00:12 - [TEST_CASE][PASSED] - Start Test Case : SCENARIO Disable notifications: SCENARIO Disable notifications

2023-12-12 02:00:12 - [TEST_STEP][PASSED] - I start the application: I start the application

2023-12-12 02:00:12 - [MESSAGE][INFO] - Detected NodeJS location: "C:\Program Files\nodejs\node.exe"

2023-12-12 02:00:13 - [MESSAGE][INFO] - Appium server started on port 55,656

2023-12-12 02:00:23 - [MESSAGE][PASSED] - Started app at: 'S:\TAES\Projeto\tests\appForTest\app-release.apk'

2023-12-12 02:00:23 - [MESSAGE][PASSED] - I start the application

2023-12-12 02:00:23 - [TEST_STEP][PASSED] - I have a vCard: I have a vCard

2023-12-12 02:00:23 - [MESSAGE][PASSED] - I have a vCard

2023-12-12 02:00:23 - [TEST_STEP][PASSED] - I insert my "pin code": I insert my "pin code"

2023-12-12 02:00:23 - [MESSAGE][WARNING] - Timeout '0' is invalid. Using default page load timeout: '30'

2023-12-12 02:00:24 - [MESSAGE][PASSED] - Text '1234' has been set to element 'Object Repository/codeConfirmation'

2023-12-12 02:00:24 - [MESSAGE][PASSED] - I insert my "pin code"

2023-12-12 02:00:24 - [TEST_STEP][PASSED] - I tap the "Login" button: I tap the "Login" button

2023-12-12 02:00:24 - [MESSAGE][WARNING] - Timeout '0' is invalid. Using default page load timeout: '30'

2023-12-12 02:00:25 - [MESSAGE][PASSED] - Tapped on element 'Object Repository/btn-Login'

2023-12-12 02:00:25 - [MESSAGE][PASSED] - I tap the "Login" button

2023-12-12 02:00:25 - [TEST_STEP][PASSED] - I tap the "Settings" button: I tap the "Settings" button

2023-12-12 02:00:25 - [MESSAGE][WARNING] - Timeout '0' is invalid. Using default page load timeout: '30'

2023-12-12 02:00:29 - [MESSAGE][PASSED] - Tapped on element 'Object Repository/btn-Settings'

2023-12-12 02:00:29 - [MESSAGE][PASSED] - I tap the "Settings" button

2023-12-12 02:00:29 - [TEST_STEP][PASSED] - I tap on disable toggle button: I tap on disable toggle button

2023-12-12 02:00:29 - [MESSAGE][WARNING] - Timeout '0' is invalid. Using default page load timeout: '30'

2023-12-12 02:00:30 - [MESSAGE][PASSED] - Tapped on element 'Object Repository/toggleNotifications'

2023-12-12 02:00:30 - [MESSAGE][PASSED] - I tap on disable toggle button

2023-12-12 02:00:30 - [TEST_STEP][PASSED] - I dont see the notification pop-up of the money that i received: I dont see the notification pop-up of the money that i received

2023-12-12 02:00:30 - [MESSAGE][WARNING] - Timeout '0' is invalid. Using default page load timeout: '30'

2023-12-12 02:00:31 - [MESSAGE][PASSED] - Element 'Object Repository/toggleNotifications' is exist

2023-12-12 02:00:35 - [MESSAGE][PASSED] - Delayed 4 second(s)

2023-12-12 02:00:35 - [MESSAGE][PASSED] - Close app successfully

2023-12-12 02:00:35 - [MESSAGE][PASSED] - I dont see the notification pop-up of the money that i received

2023-12-12 02:00:35 - [MESSAGE][PASSED] - Feature file: 'Include/features/US16-EnableDisableNotifications/EnableDisableNotifications.feature' was passed]]></system-out>
         <system-err><![CDATA[]]></system-err>
      </testcase>
      <testcase name="Test Cases/US9-DeleteVCard/DeleteVCardTests" time="59.749" classname="Test Cases/US9-DeleteVCard/DeleteVCardTests" status="PASSED">
         <system-out><![CDATA[2023-12-12 02:00:35 - [TEST_CASE][PASSED] - Test Cases/US9-DeleteVCard/DeleteVCardTests: Test Cases/US9-DeleteVCard/DeleteVCardTests

2023-12-12 02:00:36 - [TEST_STEP][PASSED] - runFeatureFile("Include/features/US9-DeleteVCard/DeleteVCard.feature"): Feature file: 'Include/features/US9-DeleteVCard/DeleteVCard.feature' was passed

2023-12-12 02:00:36 - [MESSAGE][INFO] - Starting run keyword runFeatureFile: 'Include/features/US9-DeleteVCard/DeleteVCard.feature' and extract report to folder: 'S:\TAES\Projeto\tests\Reports\20231212_015808\TestSuit3\20231212_015808/cucumber_report/1702346436204'...

2023-12-12 02:00:36 - [TEST_CASE][PASSED] - Start Test Case : SCENARIO Disassociate my vCard: SCENARIO Disassociate my vCard

2023-12-12 02:00:36 - [TEST_STEP][PASSED] - I start the application: I start the application

2023-12-12 02:00:36 - [MESSAGE][INFO] - Detected NodeJS location: "C:\Program Files\nodejs\node.exe"

2023-12-12 02:00:38 - [MESSAGE][INFO] - Appium server started on port 55,765

2023-12-12 02:00:47 - [MESSAGE][PASSED] - Started app at: 'S:\TAES\Projeto\tests\appForTest\app-release.apk'

2023-12-12 02:00:47 - [MESSAGE][PASSED] - I start the application

2023-12-12 02:00:47 - [TEST_STEP][PASSED] - I have a vCard: I have a vCard

2023-12-12 02:00:47 - [MESSAGE][PASSED] - I have a vCard

2023-12-12 02:00:47 - [TEST_STEP][PASSED] - I insert my "pin code": I insert my "pin code"

2023-12-12 02:00:47 - [MESSAGE][WARNING] - Timeout '0' is invalid. Using default page load timeout: '30'

2023-12-12 02:00:49 - [MESSAGE][PASSED] - Text '1234' has been set to element 'Object Repository/codeConfirmation'

2023-12-12 02:00:49 - [MESSAGE][PASSED] - I insert my "pin code"

2023-12-12 02:00:49 - [TEST_STEP][PASSED] - I tap the "Login" button: I tap the "Login" button

2023-12-12 02:00:49 - [MESSAGE][WARNING] - Timeout '0' is invalid. Using default page load timeout: '30'

2023-12-12 02:00:49 - [MESSAGE][PASSED] - Tapped on element 'Object Repository/btn-Login'

2023-12-12 02:00:49 - [MESSAGE][PASSED] - I tap the "Login" button

2023-12-12 02:00:49 - [TEST_STEP][PASSED] - I have balance on my vCard: I have balance on my vCard

2023-12-12 02:00:53 - [MESSAGE][PASSED] - Delayed 4 second(s)

2023-12-12 02:00:53 - [MESSAGE][PASSED] - I have balance on my vCard

2023-12-12 02:00:53 - [TEST_STEP][PASSED] - I tap the "Settings" button: I tap the "Settings" button

2023-12-12 02:00:53 - [MESSAGE][WARNING] - Timeout '0' is invalid. Using default page load timeout: '30'

2023-12-12 02:00:54 - [MESSAGE][PASSED] - Tapped on element 'Object Repository/btn-Settings'

2023-12-12 02:00:54 - [MESSAGE][PASSED] - I tap the "Settings" button

2023-12-12 02:00:54 - [TEST_STEP][PASSED] - I tap the "Disassociate" button: I tap the "Disassociate" button

2023-12-12 02:00:54 - [MESSAGE][WARNING] - Timeout '0' is invalid. Using default page load timeout: '30'

2023-12-12 02:00:56 - [MESSAGE][PASSED] - Tapped on element 'Object Repository/btn-Disassociate'

2023-12-12 02:00:56 - [MESSAGE][PASSED] - I tap the "Disassociate" button

2023-12-12 02:00:56 - [TEST_STEP][PASSED] - I can disassociate my VCard: I can disassociate my VCard

2023-12-12 02:00:56 - [MESSAGE][WARNING] - Timeout '0' is invalid. Using default page load timeout: '30'

2023-12-12 02:00:57 - [MESSAGE][PASSED] - Text '1234' has been set to element 'Object Repository/codeDeleteVCard'

2023-12-12 02:00:57 - [MESSAGE][WARNING] - Timeout '0' is invalid. Using default page load timeout: '30'

2023-12-12 02:00:59 - [MESSAGE][PASSED] - Tapped on element 'Object Repository/buttonConfirmDeleteVCard'

2023-12-12 02:01:03 - [MESSAGE][PASSED] - Delayed 4 second(s)

2023-12-12 02:01:03 - [MESSAGE][PASSED] - Close app successfully

2023-12-12 02:01:03 - [MESSAGE][PASSED] - I can disassociate my VCard

2023-12-12 02:01:03 - [TEST_CASE][PASSED] - Start Test Case : SCENARIO Delete my vCard valid: SCENARIO Delete my vCard valid

2023-12-12 02:01:03 - [TEST_STEP][PASSED] - I start the application: I start the application

2023-12-12 02:01:03 - [MESSAGE][INFO] - Detected NodeJS location: "C:\Program Files\nodejs\node.exe"

2023-12-12 02:01:05 - [MESSAGE][INFO] - Appium server started on port 55,877

2023-12-12 02:01:15 - [MESSAGE][PASSED] - Started app at: 'S:\TAES\Projeto\tests\appForTest\app-release.apk'

2023-12-12 02:01:15 - [MESSAGE][PASSED] - I start the application

2023-12-12 02:01:15 - [TEST_STEP][PASSED] - I have a vCard: I have a vCard

2023-12-12 02:01:15 - [MESSAGE][PASSED] - I have a vCard

2023-12-12 02:01:15 - [TEST_STEP][PASSED] - I login into the app: I login into the app

2023-12-12 02:01:15 - [MESSAGE][WARNING] - Timeout '0' is invalid. Using default page load timeout: '30'

2023-12-12 02:01:16 - [MESSAGE][PASSED] - Text '911666999' has been set to element 'Object Repository/txt-number'

2023-12-12 02:01:16 - [MESSAGE][WARNING] - Timeout '0' is invalid. Using default page load timeout: '30'

2023-12-12 02:01:17 - [MESSAGE][PASSED] - Text 'qwer1234' has been set to element 'Object Repository/txt-password'

2023-12-12 02:01:17 - [MESSAGE][WARNING] - Timeout '0' is invalid. Using default page load timeout: '30'

2023-12-12 02:01:19 - [MESSAGE][PASSED] - Text '1234' has been set to element 'Object Repository/txt-pinCode'

2023-12-12 02:01:19 - [MESSAGE][WARNING] - Timeout '0' is invalid. Using default page load timeout: '30'

2023-12-12 02:01:19 - [MESSAGE][PASSED] - Tapped on element 'Object Repository/btn-createVCard'

2023-12-12 02:01:19 - [MESSAGE][PASSED] - I login into the app

2023-12-12 02:01:19 - [TEST_STEP][PASSED] - I have no balance: I have no balance

2023-12-12 02:01:23 - [MESSAGE][PASSED] - Delayed 4 second(s)

2023-12-12 02:01:23 - [MESSAGE][PASSED] - I have no balance

2023-12-12 02:01:23 - [TEST_STEP][PASSED] - I tap the "Settings" button: I tap the "Settings" button

2023-12-12 02:01:23 - [MESSAGE][WARNING] - Timeout '0' is invalid. Using default page load timeout: '30'

2023-12-12 02:01:24 - [MESSAGE][PASSED] - Tapped on element 'Object Repository/btn-Settings'

2023-12-12 02:01:24 - [MESSAGE][PASSED] - I tap the "Settings" button

2023-12-12 02:01:24 - [TEST_STEP][PASSED] - I tap the "Disassociate" button: I tap the "Disassociate" button

2023-12-12 02:01:24 - [MESSAGE][WARNING] - Timeout '0' is invalid. Using default page load timeout: '30'

2023-12-12 02:01:26 - [MESSAGE][PASSED] - Tapped on element 'Object Repository/btn-Disassociate'

2023-12-12 02:01:26 - [MESSAGE][PASSED] - I tap the "Disassociate" button

2023-12-12 02:01:26 - [TEST_STEP][PASSED] - I tap the "Delete" button: I tap the "Delete" button

2023-12-12 02:01:26 - [MESSAGE][WARNING] - Timeout '0' is invalid. Using default page load timeout: '30'

2023-12-12 02:01:26 - [MESSAGE][PASSED] - Tapped on element 'Object Repository/btn-Delete'

2023-12-12 02:01:26 - [MESSAGE][PASSED] - I tap the "Delete" button

2023-12-12 02:01:26 - [TEST_STEP][PASSED] - I can delete my vCard: I can delete my vCard

2023-12-12 02:01:26 - [MESSAGE][WARNING] - Timeout '0' is invalid. Using default page load timeout: '30'

2023-12-12 02:01:28 - [MESSAGE][PASSED] - Text '1234' has been set to element 'Object Repository/codeDeleteVCard'

2023-12-12 02:01:28 - [MESSAGE][WARNING] - Timeout '0' is invalid. Using default page load timeout: '30'

2023-12-12 02:01:30 - [MESSAGE][PASSED] - Tapped on element 'Object Repository/buttonConfirmDeleteVCard'

2023-12-12 02:01:34 - [MESSAGE][PASSED] - Delayed 4 second(s)

2023-12-12 02:01:35 - [MESSAGE][PASSED] - Close app successfully

2023-12-12 02:01:35 - [MESSAGE][PASSED] - I can delete my vCard

2023-12-12 02:01:35 - [MESSAGE][PASSED] - Feature file: 'Include/features/US9-DeleteVCard/DeleteVCard.feature' was passed]]></system-out>
         <system-err><![CDATA[]]></system-err>
      </testcase>
      <system-out><![CDATA[2023-12-12 01:58:14 - [TEST_SUITE][PASSED] - TestSuit3: Test Cases/US9-DeleteVCard/DeleteVCardTests]]></system-out>
      <system-err><![CDATA[]]></system-err>
   </testsuite>
</testsuites>
